2018-10-16 09:35:44,454 INFO  [Log] **************************************************************************************** 
2018-10-16 09:35:44,455 INFO  [Log] $$$$$$$$$$$$$$$$$$$$$                 TestVerifyLogin       $$$$$$$$$$$$$$$$$$$$$$$$$ 
2018-10-16 09:35:44,456 INFO  [Log] **************************************************************************************** 
2018-10-16 09:35:48,851 INFO  [Log] Step No: 1 Launch Browser- PASS 
2018-10-16 09:35:53,324 INFO  [Log] Step No: 2 Launch URL- PASS 
2018-10-16 09:35:53,347 INFO  [Log] Step No: 3 Initialize Element - PASS 
2018-10-16 09:36:07,305 INFO  [Log] Step No: 4 Login To Humingo - PASS 
2018-10-16 09:36:14,475 INFO  [Log] Step No: 5 Verify User Drop Down - PASS 
2018-10-16 09:36:21,330 INFO  [Log] Step No: 6 Application Logged Out Successfully- PASS 
2018-10-16 09:36:21,333 INFO  [Log] XXXXXXXXXXXXXXXXXXXXXXX             -E---N---D-             XXXXXXXXXXXXXXXXXXXXXX 
2018-10-16 09:36:21,334 INFO  [Log] X 
2018-10-16 09:36:21,334 INFO  [Log] X 
2018-10-16 09:36:26,897 INFO  [DefaultHttpClient] I/O exception (java.io.FileNotFoundException) caught when processing request to {s}->https://demofra.atlassian.net:443: D:\Workspace\Demo\humingo-demo\src\reports\null.png (The system cannot find the file specified) 
2018-10-16 09:36:26,898 INFO  [DefaultHttpClient] Retrying request to {s}->https://demofra.atlassian.net:443 
2018-10-16 09:36:27,388 INFO  [DefaultHttpClient] I/O exception (java.io.FileNotFoundException) caught when processing request to {s}->https://demofra.atlassian.net:443: D:\Workspace\Demo\humingo-demo\src\reports\null.png (The system cannot find the file specified) 
2018-10-16 09:36:27,388 INFO  [DefaultHttpClient] Retrying request to {s}->https://demofra.atlassian.net:443 
2018-10-16 09:36:27,906 INFO  [DefaultHttpClient] I/O exception (java.io.FileNotFoundException) caught when processing request to {s}->https://demofra.atlassian.net:443: D:\Workspace\Demo\humingo-demo\src\reports\null.png (The system cannot find the file specified) 
2018-10-16 09:36:27,906 INFO  [DefaultHttpClient] Retrying request to {s}->https://demofra.atlassian.net:443 
2018-10-16 09:36:41,486 INFO  [Log] Step No: 7 Verify TestLink Status In DB Query Executed: SELECT * FROM testlink.`executions` ORDER BY id DESC LIMIT 1 And the Expected Result : p- PASS 
2018-10-16 09:36:49,916 INFO  [Log] **************************************************************************************** 
2018-10-16 09:36:49,917 INFO  [Log] $$$$$$$$$$$$$$$$$$$$$                 TestSearchProduct       $$$$$$$$$$$$$$$$$$$$$$$$$ 
2018-10-16 09:36:49,917 INFO  [Log] **************************************************************************************** 
2018-10-16 09:36:51,851 INFO  [Log] Step No: 1 Launch Browser- PASS 
2018-10-16 09:36:53,061 ERROR [Log] Step No: 2 Laumch URL 
2018-10-16 09:36:57,090 INFO  [Log] **************************************************************************************** 
2018-10-16 09:36:57,090 INFO  [Log] $$$$$$$$$$$$$$$$$$$$$                 TestAddToShortlist       $$$$$$$$$$$$$$$$$$$$$$$$$ 
2018-10-16 09:36:57,092 INFO  [Log] **************************************************************************************** 
2018-10-16 09:36:57,092 INFO  [Log] Step No: 1 Launch Browser- PASS 
2018-10-16 09:37:01,105 ERROR [Log] Step No: 2 Launch URL 
2018-10-16 09:37:05,122 INFO  [Log] **************************************************************************************** 
2018-10-16 09:37:05,122 INFO  [Log] $$$$$$$$$$$$$$$$$$$$$                 TestAddToShortlistFromProductDetails       $$$$$$$$$$$$$$$$$$$$$$$$$ 
2018-10-16 09:37:05,122 INFO  [Log] **************************************************************************************** 
2018-10-16 09:37:05,123 INFO  [Log] Step No: 1 Launch Browser- PASS 
2018-10-16 09:37:09,131 ERROR [Log] Step No: 2 Launch URL 
2018-10-16 09:37:13,192 INFO  [Log] **************************************************************************************** 
2018-10-16 09:37:13,193 INFO  [Log] $$$$$$$$$$$$$$$$$$$$$                 TestVerifyDiscoverByCategories       $$$$$$$$$$$$$$$$$$$$$$$$$ 
2018-10-16 09:37:13,194 INFO  [Log] **************************************************************************************** 
2018-10-16 09:37:13,194 INFO  [Log] Step No: 1 Launch Browser- PASS 
2018-10-16 09:37:17,210 ERROR [Log] Step No: 2 Launch URL 
2018-10-16 09:37:21,223 INFO  [Log] **************************************************************************************** 
2018-10-16 09:37:21,224 INFO  [Log] $$$$$$$$$$$$$$$$$$$$$                 TestVerifyDiscoverByStores       $$$$$$$$$$$$$$$$$$$$$$$$$ 
2018-10-16 09:37:21,224 INFO  [Log] **************************************************************************************** 
2018-10-16 09:37:21,224 INFO  [Log] Step No: 1 Launch Browser- PASS 
2018-10-16 09:37:29,401 INFO  [Log] **************************************************************************************** 
2018-10-16 09:37:29,404 INFO  [Log] $$$$$$$$$$$$$$$$$$$$$                 TestVerifyLogin       $$$$$$$$$$$$$$$$$$$$$$$$$ 
2018-10-16 09:37:29,404 INFO  [Log] **************************************************************************************** 
2018-10-16 09:37:32,946 INFO  [Log] Step No: 1 Launch Browser- PASS 
2018-10-16 09:37:38,773 INFO  [Log] Step No: 2 Launch URL- PASS 
2018-10-16 09:37:38,800 INFO  [Log] Step No: 3 Initialize Element - PASS 
2018-10-16 09:37:52,555 INFO  [Log] Step No: 4 Login To Humingo - PASS 
2018-10-16 09:37:59,771 INFO  [Log] Step No: 5 Verify User Drop Down - PASS 
2018-10-16 09:38:06,490 INFO  [Log] Step No: 6 Application Logged Out Successfully- PASS 
2018-10-16 09:38:06,493 INFO  [Log] XXXXXXXXXXXXXXXXXXXXXXX             -E---N---D-             XXXXXXXXXXXXXXXXXXXXXX 
2018-10-16 09:38:06,494 INFO  [Log] X 
2018-10-16 09:38:06,494 INFO  [Log] X 
2018-10-16 09:38:11,267 INFO  [DefaultHttpClient] I/O exception (java.io.FileNotFoundException) caught when processing request to {s}->https://demofra.atlassian.net:443: D:\Workspace\Demo\humingo-demo\src\reports\null.png (The system cannot find the file specified) 
2018-10-16 09:38:11,268 INFO  [DefaultHttpClient] Retrying request to {s}->https://demofra.atlassian.net:443 
2018-10-16 09:38:11,744 INFO  [DefaultHttpClient] I/O exception (java.io.FileNotFoundException) caught when processing request to {s}->https://demofra.atlassian.net:443: D:\Workspace\Demo\humingo-demo\src\reports\null.png (The system cannot find the file specified) 
2018-10-16 09:38:11,744 INFO  [DefaultHttpClient] Retrying request to {s}->https://demofra.atlassian.net:443 
2018-10-16 09:38:12,248 INFO  [DefaultHttpClient] I/O exception (java.io.FileNotFoundException) caught when processing request to {s}->https://demofra.atlassian.net:443: D:\Workspace\Demo\humingo-demo\src\reports\null.png (The system cannot find the file specified) 
2018-10-16 09:38:12,248 INFO  [DefaultHttpClient] Retrying request to {s}->https://demofra.atlassian.net:443 
2018-10-16 09:38:18,813 INFO  [Log] Step No: 7 Verify TestLink Status In DB Query Executed: SELECT * FROM testlink.`executions` ORDER BY id DESC LIMIT 1 And the Expected Result : p- PASS 
2018-10-16 09:39:42,431 INFO  [Log] **************************************************************************************** 
2018-10-16 09:39:42,433 INFO  [Log] $$$$$$$$$$$$$$$$$$$$$                 TestVerifyLogin       $$$$$$$$$$$$$$$$$$$$$$$$$ 
2018-10-16 09:39:42,433 INFO  [Log] **************************************************************************************** 
2018-10-16 09:39:45,552 INFO  [Log] Step No: 1 Launch Browser- PASS 
2018-10-16 09:39:49,070 INFO  [Log] Step No: 2 Launch URL- PASS 
2018-10-16 09:39:49,105 INFO  [Log] Step No: 3 Initialize Element - PASS 
2018-10-16 09:40:02,925 INFO  [Log] Step No: 4 Login To Humingo - PASS 
2018-10-16 09:40:10,011 INFO  [Log] Step No: 5 Verify User Drop Down - PASS 
2018-10-16 09:40:41,118 INFO  [Log] Step No: 6 Application Logged Out Successfully- PASS 
2018-10-16 09:40:45,620 INFO  [Log] XXXXXXXXXXXXXXXXXXXXXXX             -E---N---D-             XXXXXXXXXXXXXXXXXXXXXX 
2018-10-16 09:40:45,623 INFO  [Log] X 
2018-10-16 09:40:45,626 INFO  [Log] X 
2018-10-16 09:41:37,282 INFO  [Log] **************************************************************************************** 
2018-10-16 09:41:37,283 INFO  [Log] $$$$$$$$$$$$$$$$$$$$$                 TestVerifyLogin       $$$$$$$$$$$$$$$$$$$$$$$$$ 
2018-10-16 09:41:37,283 INFO  [Log] **************************************************************************************** 
2018-10-16 09:41:40,139 INFO  [Log] Step No: 1 Launch Browser- PASS 
2018-10-16 09:41:42,792 INFO  [Log] Step No: 2 Launch URL- PASS 
2018-10-16 09:41:42,822 INFO  [Log] Step No: 3 Initialize Element - PASS 
2018-10-16 09:41:56,582 INFO  [Log] Step No: 4 Login To Humingo - PASS 
2018-10-16 09:42:03,582 INFO  [Log] Step No: 5 Verify User Drop Down - PASS 
2018-10-16 09:42:10,263 INFO  [Log] Step No: 6 Application Logged Out Successfully- PASS 
2018-10-16 09:42:10,265 INFO  [Log] XXXXXXXXXXXXXXXXXXXXXXX             -E---N---D-             XXXXXXXXXXXXXXXXXXXXXX 
2018-10-16 09:42:10,266 INFO  [Log] X 
2018-10-16 09:42:10,266 INFO  [Log] X 
2018-10-16 09:42:17,040 INFO  [DefaultHttpClient] I/O exception (java.io.FileNotFoundException) caught when processing request to {s}->https://demofra.atlassian.net:443: D:\Workspace\Demo\humingo-demo\src\reports\null.png (The system cannot find the file specified) 
2018-10-16 09:42:17,041 INFO  [DefaultHttpClient] Retrying request to {s}->https://demofra.atlassian.net:443 
2018-10-16 09:42:17,522 INFO  [DefaultHttpClient] I/O exception (java.io.FileNotFoundException) caught when processing request to {s}->https://demofra.atlassian.net:443: D:\Workspace\Demo\humingo-demo\src\reports\null.png (The system cannot find the file specified) 
2018-10-16 09:42:17,522 INFO  [DefaultHttpClient] Retrying request to {s}->https://demofra.atlassian.net:443 
2018-10-16 09:42:18,033 INFO  [DefaultHttpClient] I/O exception (java.io.FileNotFoundException) caught when processing request to {s}->https://demofra.atlassian.net:443: D:\Workspace\Demo\humingo-demo\src\reports\null.png (The system cannot find the file specified) 
2018-10-16 09:42:18,033 INFO  [DefaultHttpClient] Retrying request to {s}->https://demofra.atlassian.net:443 
2018-10-16 09:42:24,002 INFO  [Log] Step No: 7 Verify TestLink Status In DB Query Executed: SELECT * FROM testlink.`executions` ORDER BY id DESC LIMIT 1 And the Expected Result : p- PASS 
2018-10-16 09:43:44,923 INFO  [Log] **************************************************************************************** 
2018-10-16 09:43:44,925 INFO  [Log] $$$$$$$$$$$$$$$$$$$$$                 TestVerifyLogin       $$$$$$$$$$$$$$$$$$$$$$$$$ 
2018-10-16 09:43:44,925 INFO  [Log] **************************************************************************************** 
2018-10-16 09:43:47,753 INFO  [Log] Step No: 1 Launch Browser- PASS 
2018-10-16 09:43:49,859 INFO  [Log] Step No: 2 Launch URL- PASS 
2018-10-16 09:43:49,885 INFO  [Log] Step No: 3 Initialize Element - PASS 
2018-10-16 09:44:03,624 INFO  [Log] Step No: 4 Login To Humingo - PASS 
2018-10-16 09:44:10,608 INFO  [Log] Step No: 5 Verify User Drop Down - PASS 
2018-10-16 09:44:17,326 INFO  [Log] Step No: 6 Application Logged Out Successfully- PASS 
2018-10-16 09:44:17,328 INFO  [Log] XXXXXXXXXXXXXXXXXXXXXXX             -E---N---D-             XXXXXXXXXXXXXXXXXXXXXX 
2018-10-16 09:44:17,329 INFO  [Log] X 
2018-10-16 09:44:17,329 INFO  [Log] X 
2018-10-16 09:44:22,820 INFO  [Log] Step No: 7 Verify TestLink Status In DB Query Executed: SELECT * FROM testlink.`executions` ORDER BY id DESC LIMIT 1 And the Expected Result : p- PASS 
2018-10-16 09:44:35,767 INFO  [Log] **************************************************************************************** 
2018-10-16 09:44:35,769 INFO  [Log] $$$$$$$$$$$$$$$$$$$$$                 TestSearchProduct       $$$$$$$$$$$$$$$$$$$$$$$$$ 
2018-10-16 09:44:35,769 INFO  [Log] **************************************************************************************** 
2018-10-16 09:44:38,597 INFO  [Log] Step No: 1 Launch Browser- PASS 
2018-10-16 09:44:40,927 INFO  [Log] Step No: 2 Laumch URL- PASS 
2018-10-16 09:44:40,956 INFO  [Log] Step No: 3 Initialize Element - PASS 
2018-10-16 09:44:54,673 INFO  [Log] Step No: 4 Login To Humingo- PASS 
2018-10-16 09:45:01,764 INFO  [Log] Step No: 5 Search Product Using Search Box- PASS 
2018-10-16 09:45:08,592 INFO  [Log] Step No: 7 Log Out Application- PASS 
2018-10-16 09:45:08,594 INFO  [Log] XXXXXXXXXXXXXXXXXXXXXXX             -E---N---D-             XXXXXXXXXXXXXXXXXXXXXX 
2018-10-16 09:45:08,595 INFO  [Log] X 
2018-10-16 09:45:08,596 INFO  [Log] X 
2018-10-16 09:45:31,860 INFO  [Log] **************************************************************************************** 
2018-10-16 09:45:31,861 INFO  [Log] $$$$$$$$$$$$$$$$$$$$$                 TestAddToShortlist       $$$$$$$$$$$$$$$$$$$$$$$$$ 
2018-10-16 09:45:31,862 INFO  [Log] **************************************************************************************** 
2018-10-16 09:45:34,648 INFO  [Log] Step No: 1 Launch Browser- PASS 
2018-10-16 09:45:36,587 INFO  [Log] Step No: 2 Launch URL- PASS 
2018-10-16 09:45:36,613 INFO  [Log] Step No: 3 Initialize Element - PASS 
2018-10-16 09:45:50,353 INFO  [Log] Step No: 4 Login To Humingo- PASS 
2018-10-16 09:45:57,326 INFO  [Log] Step No: 5 Search Product Using Search Box- PASS 
2018-10-16 09:46:00,582 INFO  [Log] Step No: 6 Add Product To Shortlist- PASS 
2018-10-16 09:46:01,118 INFO  [Log] Step No: 7 Verify Product Added In My Shortlist -- executed successfully - PASS 
2018-10-16 09:46:08,083 INFO  [Log] Step No: 8 Log Out Application- PASS 
2018-10-16 09:46:08,085 INFO  [Log] XXXXXXXXXXXXXXXXXXXXXXX             -E---N---D-             XXXXXXXXXXXXXXXXXXXXXX 
2018-10-16 09:46:08,086 INFO  [Log] X 
2018-10-16 09:46:08,086 INFO  [Log] X 
2018-10-16 09:46:22,402 INFO  [Log] **************************************************************************************** 
2018-10-16 09:46:22,404 INFO  [Log] $$$$$$$$$$$$$$$$$$$$$                 TestAddToShortlistFromProductDetails       $$$$$$$$$$$$$$$$$$$$$$$$$ 
2018-10-16 09:46:22,404 INFO  [Log] **************************************************************************************** 
2018-10-16 09:46:25,243 INFO  [Log] Step No: 1 Launch Browser- PASS 
2018-10-16 09:46:26,936 INFO  [Log] Step No: 2 Launch URL- PASS 
2018-10-16 09:46:26,961 INFO  [Log] Step No: 3 Initialize Element - PASS 
2018-10-16 09:46:40,670 INFO  [Log] Step No: 4 Login To Humingo- PASS 
2018-10-16 09:46:47,655 INFO  [Log] Step No: 5 Search Product Using Search Box- PASS 
2018-10-16 09:46:54,801 INFO  [Log] Step No: 6 Switch Into The Product Page- PASS 
2018-10-16 09:46:55,372 INFO  [Log] Step No: 7 Verify Product Added In My Shortlist -- executed successfully - PASS 
2018-10-16 09:47:02,221 INFO  [Log] Step No: 8 Log Out Application- PASS 
2018-10-16 09:47:02,224 INFO  [Log] XXXXXXXXXXXXXXXXXXXXXXX             -E---N---D-             XXXXXXXXXXXXXXXXXXXXXX 
2018-10-16 09:47:02,224 INFO  [Log] X 
2018-10-16 09:47:02,224 INFO  [Log] X 
2018-10-16 09:47:16,084 INFO  [Log] **************************************************************************************** 
2018-10-16 09:47:16,086 INFO  [Log] $$$$$$$$$$$$$$$$$$$$$                 TestVerifyDiscoverByCategories       $$$$$$$$$$$$$$$$$$$$$$$$$ 
2018-10-16 09:47:16,086 INFO  [Log] **************************************************************************************** 
2018-10-16 09:47:18,874 INFO  [Log] Step No: 1 Launch Browser- PASS 
2018-10-16 09:47:20,977 INFO  [Log] Step No: 2 Launch URL- PASS 
2018-10-16 09:47:21,002 INFO  [Log] Step No: 3 Initialize Element - PASS 
2018-10-16 09:47:34,717 INFO  [Log] Step No: 4 Login To Humingo- PASS 
2018-10-16 09:47:45,554 INFO  [Log] Step No: 8 Log Out Application- PASS 
2018-10-16 09:47:45,555 INFO  [Log] XXXXXXXXXXXXXXXXXXXXXXX             -E---N---D-             XXXXXXXXXXXXXXXXXXXXXX 
2018-10-16 09:47:45,555 INFO  [Log] X 
2018-10-16 09:47:45,555 INFO  [Log] X 
2018-10-16 09:48:00,133 INFO  [Log] **************************************************************************************** 
2018-10-16 09:48:00,135 INFO  [Log] $$$$$$$$$$$$$$$$$$$$$                 TestVerifyDiscoverByStores       $$$$$$$$$$$$$$$$$$$$$$$$$ 
2018-10-16 09:48:00,135 INFO  [Log] **************************************************************************************** 
2018-10-16 09:48:02,971 INFO  [Log] Step No: 1 Launch Browser- PASS 
2018-10-16 09:48:04,756 INFO  [Log] Step No: 2 Launch URL- PASS 
2018-10-16 09:48:04,781 INFO  [Log] Step No: 3 Initialize Element - PASS 
2018-10-16 09:48:18,490 INFO  [Log] Step No: 4 Login To Humingo- PASS 
2018-10-16 09:48:29,139 INFO  [Log] Step No: 8 Log Out Application- PASS 
2018-10-16 09:48:29,141 INFO  [Log] XXXXXXXXXXXXXXXXXXXXXXX             -E---N---D-             XXXXXXXXXXXXXXXXXXXXXX 
2018-10-16 09:48:29,142 INFO  [Log] X 
2018-10-16 09:48:29,142 INFO  [Log] X 
2018-10-16 09:49:10,181 INFO  [Log] **************************************************************************************** 
2018-10-16 09:49:10,183 INFO  [Log] $$$$$$$$$$$$$$$$$$$$$                 TestVerifyDiscoverByStores       $$$$$$$$$$$$$$$$$$$$$$$$$ 
2018-10-16 09:49:10,183 INFO  [Log] **************************************************************************************** 
2018-10-16 09:49:13,029 INFO  [Log] Step No: 1 Launch Browser- PASS 
2018-10-16 09:49:15,074 INFO  [Log] Step No: 2 Launch URL- PASS 
2018-10-16 09:49:15,114 ERROR [Log] Step No: 3 Initialize Element  
2018-10-16 11:30:13,714 INFO  [Log] **************************************************************************************** 
2018-10-16 11:30:13,714 INFO  [Log] $$$$$$$$$$$$$$$$$$$$$                 TestVerifyLogin       $$$$$$$$$$$$$$$$$$$$$$$$$ 
2018-10-16 11:30:13,725 INFO  [Log] **************************************************************************************** 
2018-10-16 11:30:35,683 INFO  [Log] Step No: 1 Launch Browser- PASS 
2018-10-16 11:30:44,025 INFO  [Log] Step No: 2 Launch URL- PASS 
2018-10-16 11:30:44,063 INFO  [Log] Step No: 3 Initialize Element - PASS 
2018-10-16 11:31:01,730 INFO  [Log] Step No: 4 Login To Humingo - PASS 
2018-10-16 11:31:09,265 INFO  [Log] Step No: 5 Verify User Drop Down - PASS 
2018-10-16 11:31:16,968 INFO  [Log] Step No: 6 Application Logged Out Successfully- PASS 
2018-10-16 11:31:16,984 INFO  [Log] XXXXXXXXXXXXXXXXXXXXXXX             -E---N---D-             XXXXXXXXXXXXXXXXXXXXXX 
2018-10-16 11:31:16,984 INFO  [Log] X 
2018-10-16 11:31:16,984 INFO  [Log] X 
2018-10-16 11:31:23,559 INFO  [Log] Step No: 7 Verify TestLink Status In DB Query Executed: SELECT * FROM testlink.`executions` ORDER BY id DESC LIMIT 1 And the Expected Result : p- PASS 
2018-10-16 11:32:01,129 INFO  [Log] **************************************************************************************** 
2018-10-16 11:32:01,129 INFO  [Log] $$$$$$$$$$$$$$$$$$$$$                 TestVerifyLogin       $$$$$$$$$$$$$$$$$$$$$$$$$ 
2018-10-16 11:32:01,144 INFO  [Log] **************************************************************************************** 
2018-10-16 11:32:06,511 INFO  [Log] Step No: 1 Launch Browser- PASS 
2018-10-16 11:32:08,903 INFO  [Log] Step No: 2 Launch URL- PASS 
2018-10-16 11:32:08,936 INFO  [Log] Step No: 3 Initialize Element - PASS 
2018-10-16 11:32:25,592 INFO  [Log] Step No: 4 Login To Humingo - PASS 
2018-10-16 11:32:33,027 INFO  [Log] Step No: 5 Verify User Drop Down - PASS 
2018-10-16 11:32:40,732 INFO  [Log] Step No: 6 Application Logged Out Successfully- PASS 
2018-10-16 11:32:40,735 INFO  [Log] XXXXXXXXXXXXXXXXXXXXXXX             -E---N---D-             XXXXXXXXXXXXXXXXXXXXXX 
2018-10-16 11:32:40,735 INFO  [Log] X 
2018-10-16 11:32:40,736 INFO  [Log] X 
2018-10-16 11:32:49,307 INFO  [Log] Step No: 7 Verify TestLink Status In DB Query Executed: SELECT * FROM testlink.`executions` ORDER BY id DESC LIMIT 1 And the Expected Result : p- PASS 
2018-10-17 12:33:09,682 INFO  [Log] **************************************************************************************** 
2018-10-17 12:33:09,682 INFO  [Log] $$$$$$$$$$$$$$$$$$$$$                 TestVerifyLogin       $$$$$$$$$$$$$$$$$$$$$$$$$ 
2018-10-17 12:33:09,686 INFO  [Log] **************************************************************************************** 
2018-10-17 12:33:19,258 INFO  [Log] Step No: 1 Launch Browser- PASS 
2018-10-17 12:33:21,439 INFO  [Log] Step No: 2 Launch URL- PASS 
2018-10-17 12:33:21,591 INFO  [Log] Step No: 3 Initialize Element - PASS 
2018-10-17 12:33:38,470 INFO  [Log] Step No: 4 Login To Humingo - PASS 
2018-10-17 12:33:45,929 INFO  [Log] Step No: 5 Verify User Drop Down - PASS 
2018-10-17 12:33:53,231 INFO  [Log] Step No: 6 Application Logged Out Successfully- PASS 
2018-10-17 12:33:53,231 INFO  [Log] XXXXXXXXXXXXXXXXXXXXXXX             -E---N---D-             XXXXXXXXXXXXXXXXXXXXXX 
2018-10-17 12:33:53,231 INFO  [Log] X 
2018-10-17 12:33:53,231 INFO  [Log] X 
2018-10-17 12:34:03,183 INFO  [Log] Step No: 7 Verify TestLink Status In DB Query Executed: SELECT * FROM testlink.`executions` ORDER BY id DESC LIMIT 1 And the Expected Result : p- PASS 
2018-10-17 16:39:16,342 INFO  [Log] **************************************************************************************** 
2018-10-17 16:39:16,352 INFO  [Log] $$$$$$$$$$$$$$$$$$$$$                 TestVerifyLogin       $$$$$$$$$$$$$$$$$$$$$$$$$ 
2018-10-17 16:39:16,353 INFO  [Log] **************************************************************************************** 
2018-10-17 16:39:21,767 INFO  [Log] Step No: 1 Launch Browser- PASS 
2018-10-17 16:39:22,994 INFO  [Log] Step No: 2 Launch URL- PASS 
2018-10-17 16:39:23,025 INFO  [Log] Step No: 3 Initialize Element - PASS 
2018-10-17 16:39:39,679 INFO  [Log] Step No: 4 Login To Humingo - PASS 
2018-10-17 16:39:47,152 INFO  [Log] Step No: 5 Verify User Drop Down - PASS 
2018-10-17 16:39:54,509 INFO  [Log] Step No: 6 Application Logged Out Successfully- PASS 
2018-10-17 16:39:54,513 INFO  [Log] XXXXXXXXXXXXXXXXXXXXXXX             -E---N---D-             XXXXXXXXXXXXXXXXXXXXXX 
2018-10-17 16:39:54,513 INFO  [Log] X 
2018-10-17 16:39:54,513 INFO  [Log] X 
2018-10-17 16:41:55,842 INFO  [Log] **************************************************************************************** 
2018-10-17 16:41:55,842 INFO  [Log] $$$$$$$$$$$$$$$$$$$$$                 TestVerifyLogin       $$$$$$$$$$$$$$$$$$$$$$$$$ 
2018-10-17 16:41:55,847 INFO  [Log] **************************************************************************************** 
2018-10-17 16:41:55,849 ERROR [Log] Step No: 1 Launch Browser 
2018-10-17 16:42:04,816 ERROR [Log] Step No: 2 Verify TestLink Status In DB 
2018-10-17 16:42:49,137 INFO  [Log] **************************************************************************************** 
2018-10-17 16:42:49,137 INFO  [Log] $$$$$$$$$$$$$$$$$$$$$                 TestVerifyLogin       $$$$$$$$$$$$$$$$$$$$$$$$$ 
2018-10-17 16:42:49,145 INFO  [Log] **************************************************************************************** 
2018-10-17 16:47:29,747 INFO  [Log] **************************************************************************************** 
2018-10-17 16:47:29,747 INFO  [Log] $$$$$$$$$$$$$$$$$$$$$                 TestVerifyLogin       $$$$$$$$$$$$$$$$$$$$$$$$$ 
2018-10-17 16:47:29,751 INFO  [Log] **************************************************************************************** 
2018-10-17 16:49:00,338 ERROR [Log] Step No: 1 Launch Browser 
2018-10-17 16:49:09,551 ERROR [Log] Step No: 2 Verify TestLink Status In DB 
2018-10-17 16:53:23,742 INFO  [Log] **************************************************************************************** 
2018-10-17 16:53:23,742 INFO  [Log] $$$$$$$$$$$$$$$$$$$$$                 TestVerifyLogin       $$$$$$$$$$$$$$$$$$$$$$$$$ 
2018-10-17 16:53:23,751 INFO  [Log] **************************************************************************************** 
2018-10-17 16:53:27,419 INFO  [Log] Step No: 1 Launch Browser- PASS 
2018-10-17 16:53:30,731 INFO  [Log] Step No: 2 Launch URL- PASS 
2018-10-17 16:53:30,806 INFO  [Log] Step No: 3 Initialize Element - PASS 
2018-10-17 18:14:20,070 INFO  [Log] **************************************************************************************** 
2018-10-17 18:14:20,077 INFO  [Log] $$$$$$$$$$$$$$$$$$$$$                 TestVerifyDiscoverByCategories       $$$$$$$$$$$$$$$$$$$$$$$$$ 
2018-10-17 18:14:20,077 INFO  [Log] **************************************************************************************** 
2018-10-17 18:14:23,087 INFO  [Log] Step No: 1 Launch Browser- PASS 
2018-10-17 18:14:25,245 INFO  [Log] Step No: 2 Launch URL- PASS 
2018-10-17 18:14:25,274 INFO  [Log] Step No: 3 Initialize Element - PASS 
2018-10-17 18:18:52,219 ERROR [Log] Step No: 4 Login To Humingo 
2018-10-17 18:19:08,343 INFO  [Log] **************************************************************************************** 
2018-10-17 18:19:08,350 INFO  [Log] $$$$$$$$$$$$$$$$$$$$$                 TestAddToShortlistFromProductDetails       $$$$$$$$$$$$$$$$$$$$$$$$$ 
2018-10-17 18:19:08,350 INFO  [Log] **************************************************************************************** 
2018-10-17 18:19:11,372 INFO  [Log] Step No: 1 Launch Browser- PASS 
2018-10-17 18:19:13,761 INFO  [Log] Step No: 2 Launch URL- PASS 
2018-10-17 18:19:13,788 INFO  [Log] Step No: 3 Initialize Element - PASS 
2018-10-17 18:19:27,753 INFO  [Log] Step No: 4 Login To Humingo- PASS 
2018-11-13 12:14:54,817 INFO  [Log] **************************************************************************************** 
2018-11-13 12:14:54,842 INFO  [Log] $$$$$$$$$$$$$$$$$$$$$                 TestVerifyLogin       $$$$$$$$$$$$$$$$$$$$$$$$$ 
2018-11-13 12:14:54,842 INFO  [Log] **************************************************************************************** 
2018-11-13 12:15:01,690 INFO  [Log] Step No: 1 Launch Browser- PASS 
2018-11-13 12:15:02,062 INFO  [Log] Step No: 2 Launch URL- PASS 
2018-11-13 12:15:02,193 INFO  [Log] Step No: 3 Initialize Element - PASS 
2018-11-13 12:16:07,803 INFO  [Log] **************************************************************************************** 
2018-11-13 12:16:07,803 INFO  [Log] $$$$$$$$$$$$$$$$$$$$$                 TestVerifyLogin       $$$$$$$$$$$$$$$$$$$$$$$$$ 
2018-11-13 12:16:07,808 INFO  [Log] **************************************************************************************** 
2018-11-13 12:16:10,983 INFO  [Log] Step No: 1 Launch Browser- PASS 
2018-11-13 12:16:13,688 INFO  [Log] Step No: 2 Launch URL- PASS 
2018-11-13 12:16:13,715 INFO  [Log] Step No: 3 Initialize Element - PASS 
2018-11-13 12:16:27,828 INFO  [Log] Step No: 4 Login To Humingo - PASS 
2018-11-13 12:16:35,048 INFO  [Log] Step No: 5 Verify User Drop Down - PASS 
2018-11-13 12:16:41,828 INFO  [Log] Step No: 6 Application Logged Out Successfully- PASS 
2018-11-13 12:16:41,832 INFO  [Log] XXXXXXXXXXXXXXXXXXXXXXX             -E---N---D-             XXXXXXXXXXXXXXXXXXXXXX 
2018-11-13 12:16:41,833 INFO  [Log] X 
2018-11-13 12:16:41,833 INFO  [Log] X 
2018-11-13 12:16:42,969 INFO  [Log] Step No: 7 Verify TestLink Status In DB Query Executed: SELECT * FROM testlink.`executions` ORDER BY id DESC LIMIT 1 And the Expected Result : p- PASS 
2018-11-13 12:21:11,250 INFO  [Log] **************************************************************************************** 
2018-11-13 12:21:11,250 INFO  [Log] $$$$$$$$$$$$$$$$$$$$$                 TestVerifyLogin       $$$$$$$$$$$$$$$$$$$$$$$$$ 
2018-11-13 12:21:11,266 INFO  [Log] **************************************************************************************** 
2018-11-13 12:21:14,696 INFO  [Log] Step No: 1 Launch Browser- PASS 
2018-11-13 12:21:17,463 INFO  [Log] Step No: 2 Launch URL- PASS 
2018-11-13 12:21:17,487 INFO  [Log] Step No: 3 Initialize Element - PASS 
2018-11-13 12:21:31,277 INFO  [Log] Step No: 4 Login To Humingo - PASS 
2018-11-13 12:21:38,348 INFO  [Log] Step No: 5 Verify User Drop Down - PASS 
2018-11-13 12:21:45,162 INFO  [Log] Step No: 6 Application Logged Out Successfully- PASS 
2018-11-13 12:21:45,165 INFO  [Log] XXXXXXXXXXXXXXXXXXXXXXX             -E---N---D-             XXXXXXXXXXXXXXXXXXXXXX 
2018-11-13 12:21:45,165 INFO  [Log] X 
2018-11-13 12:21:45,165 INFO  [Log] X 
2018-11-13 12:22:33,507 INFO  [Log] **************************************************************************************** 
2018-11-13 12:22:33,507 INFO  [Log] $$$$$$$$$$$$$$$$$$$$$                 TestVerifyLogin       $$$$$$$$$$$$$$$$$$$$$$$$$ 
2018-11-13 12:22:33,509 INFO  [Log] **************************************************************************************** 
2018-11-13 12:22:36,263 INFO  [Log] Step No: 1 Launch Browser- PASS 
2018-11-13 12:22:38,200 INFO  [Log] Step No: 2 Launch URL- PASS 
2018-11-13 12:22:38,229 INFO  [Log] Step No: 3 Initialize Element - PASS 
2018-11-13 12:22:52,035 INFO  [Log] Step No: 4 Login To Humingo - PASS 
2018-11-13 12:22:59,150 INFO  [Log] Step No: 5 Verify User Drop Down - PASS 
2018-11-13 12:23:05,914 INFO  [Log] Step No: 6 Application Logged Out Successfully- PASS 
2018-11-13 12:23:05,919 INFO  [Log] XXXXXXXXXXXXXXXXXXXXXXX             -E---N---D-             XXXXXXXXXXXXXXXXXXXXXX 
2018-11-13 12:23:05,919 INFO  [Log] X 
2018-11-13 12:23:05,920 INFO  [Log] X 
2018-11-13 12:29:05,019 INFO  [Log] **************************************************************************************** 
2018-11-13 12:29:05,019 INFO  [Log] $$$$$$$$$$$$$$$$$$$$$                 TestVerifyLogin       $$$$$$$$$$$$$$$$$$$$$$$$$ 
2018-11-13 12:29:05,034 INFO  [Log] **************************************************************************************** 
2018-11-13 12:29:08,038 INFO  [Log] Step No: 1 Launch Browser- PASS 
2018-11-13 12:29:10,280 INFO  [Log] Step No: 2 Launch URL- PASS 
2018-11-13 12:29:10,308 INFO  [Log] Step No: 3 Initialize Element - PASS 
2018-11-13 12:29:24,100 INFO  [Log] Step No: 4 Login To Humingo - PASS 
2018-11-13 12:29:31,150 INFO  [Log] Step No: 5 Verify User Drop Down - PASS 
2018-11-13 12:29:37,994 INFO  [Log] Step No: 6 Application Logged Out Successfully- PASS 
2018-11-13 12:29:37,999 INFO  [Log] XXXXXXXXXXXXXXXXXXXXXXX             -E---N---D-             XXXXXXXXXXXXXXXXXXXXXX 
2018-11-13 12:29:37,999 INFO  [Log] X 
2018-11-13 12:29:37,999 INFO  [Log] X 
2018-11-13 12:45:16,082 INFO  [Log] **************************************************************************************** 
2018-11-13 12:45:16,082 INFO  [Log] $$$$$$$$$$$$$$$$$$$$$                 TestVerifyLogin       $$$$$$$$$$$$$$$$$$$$$$$$$ 
2018-11-13 12:45:16,086 INFO  [Log] **************************************************************************************** 
2018-11-13 12:45:18,873 INFO  [Log] Step No: 1 Launch Browser- PASS 
2018-11-13 12:45:20,900 INFO  [Log] Step No: 2 Launch URL- PASS 
2018-11-13 12:45:20,925 INFO  [Log] Step No: 3 Initialize Element - PASS 
2018-11-13 12:45:34,713 INFO  [Log] Step No: 4 Login To Humingo - PASS 
2018-11-13 12:45:41,829 INFO  [Log] Step No: 5 Verify User Drop Down - PASS 
2018-11-13 12:45:48,643 INFO  [Log] Step No: 6 Application Logged Out Successfully- PASS 
2018-11-13 12:45:48,647 INFO  [Log] XXXXXXXXXXXXXXXXXXXXXXX             -E---N---D-             XXXXXXXXXXXXXXXXXXXXXX 
2018-11-13 12:45:48,647 INFO  [Log] X 
2018-11-13 12:45:48,647 INFO  [Log] X 
2018-11-13 12:47:42,473 INFO  [Log] **************************************************************************************** 
2018-11-13 12:47:42,479 INFO  [Log] $$$$$$$$$$$$$$$$$$$$$                 TestVerifyLogin       $$$$$$$$$$$$$$$$$$$$$$$$$ 
2018-11-13 12:47:42,481 INFO  [Log] **************************************************************************************** 
2018-11-13 12:47:45,239 INFO  [Log] Step No: 1 Launch Browser- PASS 
2018-11-13 12:47:47,292 INFO  [Log] Step No: 2 Launch URL- PASS 
2018-11-13 12:47:47,315 INFO  [Log] Step No: 3 Initialize Element - PASS 
2018-11-13 12:48:01,120 INFO  [Log] Step No: 4 Login To Humingo - PASS 
2018-11-13 12:48:08,223 INFO  [Log] Step No: 5 Verify User Drop Down - PASS 
2018-11-13 12:48:14,986 INFO  [Log] Step No: 6 Application Logged Out Successfully- PASS 
2018-11-13 12:48:14,991 INFO  [Log] XXXXXXXXXXXXXXXXXXXXXXX             -E---N---D-             XXXXXXXXXXXXXXXXXXXXXX 
2018-11-13 12:48:14,991 INFO  [Log] X 
2018-11-13 12:48:14,991 INFO  [Log] X 
2018-11-13 12:55:26,747 INFO  [Log] **************************************************************************************** 
2018-11-13 12:55:26,751 INFO  [Log] $$$$$$$$$$$$$$$$$$$$$                 TestVerifyLogin       $$$$$$$$$$$$$$$$$$$$$$$$$ 
2018-11-13 12:55:26,752 INFO  [Log] **************************************************************************************** 
2018-11-13 12:55:29,547 INFO  [Log] Step No: 1 Launch Browser- PASS 
2018-11-13 12:55:32,286 INFO  [Log] Step No: 2 Launch URL- PASS 
2018-11-13 12:55:32,318 INFO  [Log] Step No: 3 Initialize Element - PASS 
2018-11-13 12:55:46,112 INFO  [Log] Step No: 4 Login To Humingo - PASS 
2018-11-13 12:55:53,182 INFO  [Log] Step No: 5 Verify User Drop Down - PASS 
2018-11-13 12:55:59,997 INFO  [Log] Step No: 6 Application Logged Out Successfully- PASS 
2018-11-13 12:56:00,000 INFO  [Log] XXXXXXXXXXXXXXXXXXXXXXX             -E---N---D-             XXXXXXXXXXXXXXXXXXXXXX 
2018-11-13 12:56:00,000 INFO  [Log] X 
2018-11-13 12:56:00,000 INFO  [Log] X 
2018-11-13 13:02:54,514 INFO  [Log] **************************************************************************************** 
2018-11-13 13:02:54,514 INFO  [Log] $$$$$$$$$$$$$$$$$$$$$                 TestVerifyLogin       $$$$$$$$$$$$$$$$$$$$$$$$$ 
2018-11-13 13:02:54,519 INFO  [Log] **************************************************************************************** 
2018-11-13 13:02:54,520 INFO  [Log] XXXXXXXXXXXXXXXXXXXXXXX             -E---N---D-             XXXXXXXXXXXXXXXXXXXXXX 
2018-11-13 13:02:54,521 INFO  [Log] X 
2018-11-13 13:02:54,521 INFO  [Log] X 
2018-11-13 13:06:58,570 INFO  [Log] **************************************************************************************** 
2018-11-13 13:06:58,570 INFO  [Log] $$$$$$$$$$$$$$$$$$$$$                 TestVerifyLogin       $$$$$$$$$$$$$$$$$$$$$$$$$ 
2018-11-13 13:06:58,573 INFO  [Log] **************************************************************************************** 
2018-11-13 13:06:58,574 INFO  [Log] XXXXXXXXXXXXXXXXXXXXXXX             -E---N---D-             XXXXXXXXXXXXXXXXXXXXXX 
2018-11-13 13:06:58,574 INFO  [Log] X 
2018-11-13 13:06:58,574 INFO  [Log] X 
2018-11-13 13:10:18,346 INFO  [Log] **************************************************************************************** 
2018-11-13 13:10:18,346 INFO  [Log] $$$$$$$$$$$$$$$$$$$$$                 TestVerifyLogin       $$$$$$$$$$$$$$$$$$$$$$$$$ 
2018-11-13 13:10:18,358 INFO  [Log] **************************************************************************************** 
2018-11-13 13:10:18,359 INFO  [Log] XXXXXXXXXXXXXXXXXXXXXXX             -E---N---D-             XXXXXXXXXXXXXXXXXXXXXX 
2018-11-13 13:10:18,359 INFO  [Log] X 
2018-11-13 13:10:18,359 INFO  [Log] X 
2018-11-13 13:10:50,715 INFO  [Log] **************************************************************************************** 
2018-11-13 13:10:50,715 INFO  [Log] $$$$$$$$$$$$$$$$$$$$$                 TestVerifyLogin       $$$$$$$$$$$$$$$$$$$$$$$$$ 
2018-11-13 13:10:50,727 INFO  [Log] **************************************************************************************** 
2018-11-13 13:10:50,728 INFO  [Log] XXXXXXXXXXXXXXXXXXXXXXX             -E---N---D-             XXXXXXXXXXXXXXXXXXXXXX 
2018-11-13 13:10:50,728 INFO  [Log] X 
2018-11-13 13:10:50,728 INFO  [Log] X 
2018-11-13 18:24:31,122 INFO  [Log] **************************************************************************************** 
2018-11-13 18:24:31,131 INFO  [Log] $$$$$$$$$$$$$$$$$$$$$                 TestVerifyLogin       $$$$$$$$$$$$$$$$$$$$$$$$$ 
2018-11-13 18:24:31,132 INFO  [Log] **************************************************************************************** 
2018-11-13 18:24:41,504 INFO  [Log] Step No: 1 Launch Browser- PASS 
2018-11-13 18:24:46,161 INFO  [Log] Step No: 2 Launch URL- PASS 
2018-11-13 18:24:46,183 INFO  [Log] Step No: 3 Initialize Element - PASS 
2018-11-13 18:25:02,026 INFO  [Log] Step No: 4 Login To Humingo - PASS 
2018-11-13 18:25:09,151 INFO  [Log] Step No: 5 Verify User Drop Down - PASS 
2018-11-13 18:25:15,896 INFO  [Log] Step No: 6 Application Logged Out Successfully- PASS 
2018-11-13 18:25:15,898 INFO  [Log] XXXXXXXXXXXXXXXXXXXXXXX             -E---N---D-             XXXXXXXXXXXXXXXXXXXXXX 
2018-11-13 18:25:15,899 INFO  [Log] X 
2018-11-13 18:25:15,899 INFO  [Log] X 
2018-11-13 18:25:24,767 INFO  [Log] **************************************************************************************** 
2018-11-13 18:25:24,767 INFO  [Log] $$$$$$$$$$$$$$$$$$$$$                 TestSearchProduct       $$$$$$$$$$$$$$$$$$$$$$$$$ 
2018-11-13 18:25:24,767 INFO  [Log] **************************************************************************************** 
2018-11-13 18:25:26,718 INFO  [Log] Step No: 1 Launch Browser- PASS 
2018-11-13 18:25:29,040 INFO  [Log] Step No: 2 Laumch URL- PASS 
2018-11-13 18:25:29,042 INFO  [Log] Step No: 3 Initialize Element - PASS 
2018-11-13 18:25:42,757 INFO  [Log] Step No: 4 Login To Humingo- PASS 
2018-11-13 18:25:51,017 INFO  [Log] Step No: 5 Search Product Using Search Box- PASS 
2018-11-13 18:25:57,847 INFO  [Log] Step No: 7 Log Out Application- PASS 
2018-11-13 18:25:57,847 INFO  [Log] XXXXXXXXXXXXXXXXXXXXXXX             -E---N---D-             XXXXXXXXXXXXXXXXXXXXXX 
2018-11-13 18:25:57,847 INFO  [Log] X 
2018-11-13 18:25:57,848 INFO  [Log] X 
2018-11-13 18:26:06,120 INFO  [Log] **************************************************************************************** 
2018-11-13 18:26:06,120 INFO  [Log] $$$$$$$$$$$$$$$$$$$$$                 TestAddToShortlist       $$$$$$$$$$$$$$$$$$$$$$$$$ 
2018-11-13 18:26:06,121 INFO  [Log] **************************************************************************************** 
2018-11-13 18:26:08,015 INFO  [Log] Step No: 1 Launch Browser- PASS 
2018-11-13 18:26:10,422 INFO  [Log] Step No: 2 Launch URL- PASS 
2018-11-13 18:26:10,423 INFO  [Log] Step No: 3 Initialize Element - PASS 
2018-11-13 18:26:24,189 INFO  [Log] Step No: 4 Login To Humingo- PASS 
2018-11-13 18:26:31,227 INFO  [Log] Step No: 5 Search Product Using Search Box- PASS 
2018-11-13 18:26:34,662 INFO  [Log] Step No: 6 Add Product To Shortlist- PASS 
2018-11-13 18:26:35,209 INFO  [Log] Step No: 7 Verify Product Added In My Shortlist -- executed successfully - PASS 
2018-11-13 18:26:41,982 INFO  [Log] Step No: 8 Log Out Application- PASS 
2018-11-13 18:26:41,983 INFO  [Log] XXXXXXXXXXXXXXXXXXXXXXX             -E---N---D-             XXXXXXXXXXXXXXXXXXXXXX 
2018-11-13 18:26:41,983 INFO  [Log] X 
2018-11-13 18:26:41,983 INFO  [Log] X 
2018-11-13 18:26:50,254 INFO  [Log] **************************************************************************************** 
2018-11-13 18:26:50,254 INFO  [Log] $$$$$$$$$$$$$$$$$$$$$                 TestAddToShortlistFromProductDetails       $$$$$$$$$$$$$$$$$$$$$$$$$ 
2018-11-13 18:26:50,254 INFO  [Log] **************************************************************************************** 
2018-11-13 18:26:52,160 INFO  [Log] Step No: 1 Launch Browser- PASS 
2018-11-13 18:26:54,351 INFO  [Log] Step No: 2 Launch URL- PASS 
2018-11-13 18:26:54,352 INFO  [Log] Step No: 3 Initialize Element - PASS 
2018-11-13 18:27:08,020 INFO  [Log] Step No: 4 Login To Humingo- PASS 
2018-11-13 18:27:15,074 INFO  [Log] Step No: 5 Search Product Using Search Box- PASS 
2018-11-13 18:33:55,032 ERROR [Log] Step No: 6 Switch Into The Product Page 
2018-11-13 18:34:03,111 INFO  [Log] **************************************************************************************** 
2018-11-13 18:34:03,111 INFO  [Log] $$$$$$$$$$$$$$$$$$$$$                 TestVerifyDiscoverByCategories       $$$$$$$$$$$$$$$$$$$$$$$$$ 
2018-11-13 18:34:03,111 INFO  [Log] **************************************************************************************** 
2018-11-13 18:34:05,022 INFO  [Log] Step No: 1 Launch Browser- PASS 
2018-11-13 18:34:07,298 INFO  [Log] Step No: 2 Launch URL- PASS 
2018-11-13 18:34:07,299 INFO  [Log] Step No: 3 Initialize Element - PASS 
2018-11-13 18:34:20,955 INFO  [Log] Step No: 4 Login To Humingo- PASS 
2018-11-13 18:34:34,185 INFO  [Log] Step No: 8 Log Out Application- PASS 
2018-11-13 18:34:34,185 INFO  [Log] XXXXXXXXXXXXXXXXXXXXXXX             -E---N---D-             XXXXXXXXXXXXXXXXXXXXXX 
2018-11-13 18:34:34,185 INFO  [Log] X 
2018-11-13 18:34:34,185 INFO  [Log] X 
2018-11-13 18:34:41,968 INFO  [Log] **************************************************************************************** 
2018-11-13 18:34:41,969 INFO  [Log] $$$$$$$$$$$$$$$$$$$$$                 TestVerifyDiscoverByStores       $$$$$$$$$$$$$$$$$$$$$$$$$ 
2018-11-13 18:34:41,969 INFO  [Log] **************************************************************************************** 
2018-11-13 18:34:43,885 INFO  [Log] Step No: 1 Launch Browser- PASS 
2018-11-13 18:34:46,501 INFO  [Log] Step No: 2 Launch URL- PASS 
2018-11-13 18:34:46,502 INFO  [Log] Step No: 3 Initialize Element - PASS 
2018-11-13 18:35:00,183 INFO  [Log] Step No: 4 Login To Humingo- PASS 
2018-11-13 18:35:00,184 ERROR [Log] Step No: 5 Scroll To Discover By Stores 
2018-11-14 12:30:10,337 INFO  [Log] **************************************************************************************** 
2018-11-14 12:30:10,337 INFO  [Log] $$$$$$$$$$$$$$$$$$$$$                 TestVerifyLogin       $$$$$$$$$$$$$$$$$$$$$$$$$ 
2018-11-14 12:30:10,337 INFO  [Log] **************************************************************************************** 
2018-11-14 12:30:21,364 INFO  [Log] Step No: 1 Launch Browser- PASS 
2018-11-14 12:32:23,379 INFO  [Log] Step No: 2 Launch URL- PASS 
2018-11-14 12:32:23,542 INFO  [Log] Step No: 3 Initialize Element - PASS 
2018-11-14 12:52:20,940 INFO  [Log] **************************************************************************************** 
2018-11-14 12:52:20,942 INFO  [Log] $$$$$$$$$$$$$$$$$$$$$                 TestVerifyLogin       $$$$$$$$$$$$$$$$$$$$$$$$$ 
2018-11-14 12:52:20,942 INFO  [Log] **************************************************************************************** 
2018-11-14 12:52:20,944 INFO  [Log] XXXXXXXXXXXXXXXXXXXXXXX             -E---N---D-             XXXXXXXXXXXXXXXXXXXXXX 
2018-11-14 12:52:20,945 INFO  [Log] X 
2018-11-14 12:52:20,945 INFO  [Log] X 
2018-11-14 12:55:42,918 INFO  [Log] **************************************************************************************** 
2018-11-14 12:55:42,984 INFO  [Log] $$$$$$$$$$$$$$$$$$$$$                 TestVerifyLogin       $$$$$$$$$$$$$$$$$$$$$$$$$ 
2018-11-14 12:55:42,984 INFO  [Log] **************************************************************************************** 
2018-11-14 12:55:42,987 INFO  [Log] XXXXXXXXXXXXXXXXXXXXXXX             -E---N---D-             XXXXXXXXXXXXXXXXXXXXXX 
2018-11-14 12:55:42,988 INFO  [Log] X 
2018-11-14 12:55:42,988 INFO  [Log] X 
2018-11-14 12:57:12,761 INFO  [Log] **************************************************************************************** 
2018-11-14 12:57:12,763 INFO  [Log] $$$$$$$$$$$$$$$$$$$$$                 TestVerifyLogin       $$$$$$$$$$$$$$$$$$$$$$$$$ 
2018-11-14 12:57:12,763 INFO  [Log] **************************************************************************************** 
2018-11-14 12:57:12,765 INFO  [Log] XXXXXXXXXXXXXXXXXXXXXXX             -E---N---D-             XXXXXXXXXXXXXXXXXXXXXX 
2018-11-14 12:57:12,766 INFO  [Log] X 
2018-11-14 12:57:12,766 INFO  [Log] X 
2018-11-14 13:00:49,239 INFO  [Log] **************************************************************************************** 
2018-11-14 13:00:49,296 INFO  [Log] $$$$$$$$$$$$$$$$$$$$$                 TestVerifyLogin       $$$$$$$$$$$$$$$$$$$$$$$$$ 
2018-11-14 13:00:49,296 INFO  [Log] **************************************************************************************** 
2018-11-14 13:00:49,298 INFO  [Log] XXXXXXXXXXXXXXXXXXXXXXX             -E---N---D-             XXXXXXXXXXXXXXXXXXXXXX 
2018-11-14 13:00:49,298 INFO  [Log] X 
2018-11-14 13:00:49,298 INFO  [Log] X 
2018-11-14 13:04:59,489 INFO  [Log] **************************************************************************************** 
2018-11-14 13:04:59,489 INFO  [Log] $$$$$$$$$$$$$$$$$$$$$                 TestVerifyLogin       $$$$$$$$$$$$$$$$$$$$$$$$$ 
2018-11-14 13:04:59,489 INFO  [Log] **************************************************************************************** 
2018-11-14 13:04:59,489 INFO  [Log] XXXXXXXXXXXXXXXXXXXXXXX             -E---N---D-             XXXXXXXXXXXXXXXXXXXXXX 
2018-11-14 13:04:59,489 INFO  [Log] X 
2018-11-14 13:04:59,489 INFO  [Log] X 
2018-11-14 13:15:10,738 INFO  [Log] **************************************************************************************** 
2018-11-14 13:15:10,786 INFO  [Log] $$$$$$$$$$$$$$$$$$$$$                 TestVerifyLogin       $$$$$$$$$$$$$$$$$$$$$$$$$ 
2018-11-14 13:15:10,786 INFO  [Log] **************************************************************************************** 
2018-11-14 13:15:10,786 INFO  [Log] XXXXXXXXXXXXXXXXXXXXXXX             -E---N---D-             XXXXXXXXXXXXXXXXXXXXXX 
2018-11-14 13:15:10,786 INFO  [Log] X 
2018-11-14 13:15:10,786 INFO  [Log] X 
2018-11-14 14:24:41,923 INFO  [Log] **************************************************************************************** 
2018-11-14 14:24:41,925 INFO  [Log] $$$$$$$$$$$$$$$$$$$$$                 TestVerifyLogin       $$$$$$$$$$$$$$$$$$$$$$$$$ 
2018-11-14 14:24:41,925 INFO  [Log] **************************************************************************************** 
2018-11-14 14:24:41,927 INFO  [Log] XXXXXXXXXXXXXXXXXXXXXXX             -E---N---D-             XXXXXXXXXXXXXXXXXXXXXX 
2018-11-14 14:24:41,928 INFO  [Log] X 
2018-11-14 14:24:41,929 INFO  [Log] X 
2018-11-14 14:27:06,896 INFO  [Log] **************************************************************************************** 
2018-11-14 14:27:06,951 INFO  [Log] $$$$$$$$$$$$$$$$$$$$$                 TestVerifyLogin       $$$$$$$$$$$$$$$$$$$$$$$$$ 
2018-11-14 14:27:06,951 INFO  [Log] **************************************************************************************** 
2018-11-14 14:27:06,951 INFO  [Log] XXXXXXXXXXXXXXXXXXXXXXX             -E---N---D-             XXXXXXXXXXXXXXXXXXXXXX 
2018-11-14 14:27:06,951 INFO  [Log] X 
2018-11-14 14:27:06,951 INFO  [Log] X 
2018-11-14 15:49:40,848 INFO  [Log] **************************************************************************************** 
2018-11-14 15:49:40,848 INFO  [Log] $$$$$$$$$$$$$$$$$$$$$                 TestVerifyLogin       $$$$$$$$$$$$$$$$$$$$$$$$$ 
2018-11-14 15:49:40,848 INFO  [Log] **************************************************************************************** 
2018-11-14 15:49:40,848 INFO  [Log] XXXXXXXXXXXXXXXXXXXXXXX             -E---N---D-             XXXXXXXXXXXXXXXXXXXXXX 
2018-11-14 15:49:40,848 INFO  [Log] X 
2018-11-14 15:49:40,848 INFO  [Log] X 
2018-11-14 15:53:37,806 INFO  [Log] **************************************************************************************** 
2018-11-14 15:53:37,806 INFO  [Log] $$$$$$$$$$$$$$$$$$$$$                 TestVerifyLogin       $$$$$$$$$$$$$$$$$$$$$$$$$ 
2018-11-14 15:53:37,806 INFO  [Log] **************************************************************************************** 
2018-11-14 15:53:37,806 INFO  [Log] XXXXXXXXXXXXXXXXXXXXXXX             -E---N---D-             XXXXXXXXXXXXXXXXXXXXXX 
2018-11-14 15:53:37,806 INFO  [Log] X 
2018-11-14 15:53:37,806 INFO  [Log] X 
2018-11-14 15:58:30,937 INFO  [Log] **************************************************************************************** 
2018-11-14 15:58:31,020 INFO  [Log] $$$$$$$$$$$$$$$$$$$$$                 TestVerifyLogin       $$$$$$$$$$$$$$$$$$$$$$$$$ 
2018-11-14 15:58:31,024 INFO  [Log] **************************************************************************************** 
2018-11-14 15:58:31,028 INFO  [Log] XXXXXXXXXXXXXXXXXXXXXXX             -E---N---D-             XXXXXXXXXXXXXXXXXXXXXX 
2018-11-14 15:58:31,028 INFO  [Log] X 
2018-11-14 15:58:31,028 INFO  [Log] X 
2018-11-14 16:04:45,675 INFO  [Log] **************************************************************************************** 
2018-11-14 16:04:45,679 INFO  [Log] $$$$$$$$$$$$$$$$$$$$$                 TestVerifyLogin       $$$$$$$$$$$$$$$$$$$$$$$$$ 
2018-11-14 16:04:45,679 INFO  [Log] **************************************************************************************** 
2018-11-14 16:04:45,679 INFO  [Log] XXXXXXXXXXXXXXXXXXXXXXX             -E---N---D-             XXXXXXXXXXXXXXXXXXXXXX 
2018-11-14 16:04:45,679 INFO  [Log] X 
2018-11-14 16:04:45,679 INFO  [Log] X 
2018-11-15 10:43:46,063 INFO  [Log] **************************************************************************************** 
2018-11-15 10:43:46,108 INFO  [Log] $$$$$$$$$$$$$$$$$$$$$                 TestVerifyLogin       $$$$$$$$$$$$$$$$$$$$$$$$$ 
2018-11-15 10:43:46,108 INFO  [Log] **************************************************************************************** 
2018-11-15 10:43:46,110 INFO  [Log] XXXXXXXXXXXXXXXXXXXXXXX             -E---N---D-             XXXXXXXXXXXXXXXXXXXXXX 
2018-11-15 10:43:46,111 INFO  [Log] X 
2018-11-15 10:43:46,111 INFO  [Log] X 
2018-11-15 13:42:14,300 INFO  [Log] **************************************************************************************** 
2018-11-15 13:42:14,315 INFO  [Log] $$$$$$$$$$$$$$$$$$$$$                 TestVerifyLogin       $$$$$$$$$$$$$$$$$$$$$$$$$ 
2018-11-15 13:42:14,315 INFO  [Log] **************************************************************************************** 
2018-11-15 13:42:14,315 INFO  [Log] XXXXXXXXXXXXXXXXXXXXXXX             -E---N---D-             XXXXXXXXXXXXXXXXXXXXXX 
2018-11-15 13:42:14,315 INFO  [Log] X 
2018-11-15 13:42:14,315 INFO  [Log] X 
2018-11-15 16:50:45,420 INFO  [Log] **************************************************************************************** 
2018-11-15 16:50:45,420 INFO  [Log] $$$$$$$$$$$$$$$$$$$$$                 TestVerifyLogin       $$$$$$$$$$$$$$$$$$$$$$$$$ 
2018-11-15 16:50:45,430 INFO  [Log] **************************************************************************************** 
2018-11-15 16:51:00,576 ERROR [Log]  
2018-11-15 16:52:04,193 INFO  [Log] **************************************************************************************** 
2018-11-15 16:52:04,193 INFO  [Log] $$$$$$$$$$$$$$$$$$$$$                 TestVerifyLogin       $$$$$$$$$$$$$$$$$$$$$$$$$ 
2018-11-15 16:52:04,209 INFO  [Log] **************************************************************************************** 
2018-11-15 16:52:59,830 ERROR [Log]  
2018-11-16 18:28:19,794 INFO  [Log] Step No: 1 Launch Browser- PASS 
2018-11-16 18:28:19,830 INFO  [Log] XXXXXXXXXXXXXXXXXXXXXXX             -E---N---D-             XXXXXXXXXXXXXXXXXXXXXX 
2018-11-16 18:28:19,830 INFO  [Log] X 
2018-11-16 18:28:19,830 INFO  [Log] X 
2018-11-16 18:29:17,566 INFO  [Log] Step No: 1 Launch Browser- PASS 
2018-11-16 18:29:17,570 INFO  [Log] XXXXXXXXXXXXXXXXXXXXXXX             -E---N---D-             XXXXXXXXXXXXXXXXXXXXXX 
2018-11-16 18:29:17,570 INFO  [Log] X 
2018-11-16 18:29:17,570 INFO  [Log] X 
2018-11-16 18:31:25,727 INFO  [Log] Step No: 1 Launch Browser- PASS 
2018-11-16 18:32:22,050 INFO  [Log] **************************************************************************************** 
2018-11-16 18:32:22,052 INFO  [Log] $$$$$$$$$$$$$$$$$$$$$                 TestVerifyLogin       $$$$$$$$$$$$$$$$$$$$$$$$$ 
2018-11-16 18:32:22,052 INFO  [Log] **************************************************************************************** 
2018-11-16 18:32:26,029 INFO  [Log] Step No: 1 Launch Browser- PASS 
2018-11-16 18:32:26,031 INFO  [Log] XXXXXXXXXXXXXXXXXXXXXXX             -E---N---D-             XXXXXXXXXXXXXXXXXXXXXX 
2018-11-16 18:32:26,032 INFO  [Log] X 
2018-11-16 18:32:26,032 INFO  [Log] X 
2018-11-16 18:35:52,798 INFO  [Log] **************************************************************************************** 
2018-11-16 18:35:52,817 INFO  [Log] $$$$$$$$$$$$$$$$$$$$$                 TestVerifyLogin       $$$$$$$$$$$$$$$$$$$$$$$$$ 
2018-11-16 18:35:52,817 INFO  [Log] **************************************************************************************** 
2018-11-16 18:35:59,739 INFO  [Log] Step No: 1 Launch Browser- PASS 
2018-11-16 18:35:59,742 INFO  [Log] XXXXXXXXXXXXXXXXXXXXXXX             -E---N---D-             XXXXXXXXXXXXXXXXXXXXXX 
2018-11-16 18:35:59,743 INFO  [Log] X 
2018-11-16 18:35:59,743 INFO  [Log] X 
2018-11-16 18:48:36,918 INFO  [Log] **************************************************************************************** 
2018-11-16 18:48:36,921 INFO  [Log] $$$$$$$$$$$$$$$$$$$$$                 TestVerifyLogin       $$$$$$$$$$$$$$$$$$$$$$$$$ 
2018-11-16 18:48:36,921 INFO  [Log] **************************************************************************************** 
2018-11-16 18:48:43,178 INFO  [Log] Step No: 1 Launch Browser- PASS 
2018-11-16 18:48:43,181 INFO  [Log] XXXXXXXXXXXXXXXXXXXXXXX             -E---N---D-             XXXXXXXXXXXXXXXXXXXXXX 
2018-11-16 18:48:43,181 INFO  [Log] X 
2018-11-16 18:48:43,181 INFO  [Log] X 
2018-11-16 18:56:25,097 INFO  [Log] **************************************************************************************** 
2018-11-16 18:56:25,101 INFO  [Log] $$$$$$$$$$$$$$$$$$$$$                 TestVerifyLogin       $$$$$$$$$$$$$$$$$$$$$$$$$ 
2018-11-16 18:56:25,101 INFO  [Log] **************************************************************************************** 
2018-11-16 18:56:29,742 INFO  [Log] Step No: 1 Launch Browser- PASS 
2018-11-16 18:56:29,746 INFO  [Log] XXXXXXXXXXXXXXXXXXXXXXX             -E---N---D-             XXXXXXXXXXXXXXXXXXXXXX 
2018-11-16 18:56:29,747 INFO  [Log] X 
2018-11-16 18:56:29,747 INFO  [Log] X 
